# JRE version: Java(TM) SE Runtime Environment (7.0_80-b15) (build 1.7.0_80-b15)
# Java VM: Java HotSpot(TM) 64-Bit Server VM (24.80-b11 mixed mode linux-amd64 compressed oops)
Heap
 PSYoungGen      total 18944K, used 16883K [0x00000000ec680000, 0x00000000ee400000, 0x0000000100000000)
  eden space 18432K, 91% used [0x00000000ec680000,0x00000000ed6f4f38,0x00000000ed880000)
  from space 512K, 6% used [0x00000000ee380000,0x00000000ee388000,0x00000000ee400000)
  to   space 512K, 0% used [0x00000000ee300000,0x00000000ee300000,0x00000000ee380000)
 ParOldGen       total 39936K, used 2308K [0x00000000c5400000, 0x00000000c7b00000, 0x00000000ec680000)
  object space 39936K, 5% used [0x00000000c5400000,0x00000000c5641320,0x00000000c7b00000)
 PSPermGen       total 21504K, used 12405K [0x00000000c0200000, 0x00000000c1700000, 0x00000000c5400000)
  object space 21504K, 57% used [0x00000000c0200000,0x00000000c0e1d468,0x00000000c1700000)
GC Heap History (10 events):
Event: 2217,995 GC heap before
{Heap before GC invocations=878 (full 0):
 PSYoungGen      total 18944K, used 18464K [0x00000000ec680000, 0x00000000ee400000, 0x0000000100000000)
  eden space 18432K, 100% used [0x00000000ec680000,0x00000000ed880000,0x00000000ed880000)
  from space 512K, 6% used [0x00000000ee300000,0x00000000ee308000,0x00000000ee380000)
  to   space 512K, 0% used [0x00000000ee380000,0x00000000ee380000,0x00000000ee400000)
 ParOldGen       total 39936K, used 2308K [0x00000000c5400000, 0x00000000c7b00000, 0x00000000ec680000)
  object space 39936K, 5% used [0x00000000c5400000,0x00000000c5641320,0x00000000c7b00000)
 PSPermGen       total 21504K, used 12393K [0x00000000c0200000, 0x00000000c1700000, 0x00000000c5400000)
  object space 21504K, 57% used [0x00000000c0200000,0x00000000c0e1a6e0,0x00000000c1700000)
Event: 2217,997 GC heap after
Heap after GC invocations=878 (full 0):
 PSYoungGen      total 18944K, used 64K [0x00000000ec680000, 0x00000000ee400000, 0x0000000100000000)
  eden space 18432K, 0% used [0x00000000ec680000,0x00000000ec680000,0x00000000ed880000)
  from space 512K, 12% used [0x00000000ee380000,0x00000000ee390000,0x00000000ee400000)
  to   space 512K, 0% used [0x00000000ee300000,0x00000000ee300000,0x00000000ee380000)
 ParOldGen       total 39936K, used 2308K [0x00000000c5400000, 0x00000000c7b00000, 0x00000000ec680000)
  object space 39936K, 5% used [0x00000000c5400000,0x00000000c5641320,0x00000000c7b00000)
 PSPermGen       total 21504K, used 12393K [0x00000000c0200000, 0x00000000c1700000, 0x00000000c5400000)
  object space 21504K, 57% used [0x00000000c0200000,0x00000000c0e1a6e0,0x00000000c1700000)
}
Event: 2219,908 GC heap before
{Heap before GC invocations=879 (full 0):
 PSYoungGen      total 18944K, used 18496K [0x00000000ec680000, 0x00000000ee400000, 0x0000000100000000)
  eden space 18432K, 100% used [0x00000000ec680000,0x00000000ed880000,0x00000000ed880000)
  from space 512K, 12% used [0x00000000ee380000,0x00000000ee390000,0x00000000ee400000)
  to   space 512K, 0% used [0x00000000ee300000,0x00000000ee300000,0x00000000ee380000)
 ParOldGen       total 39936K, used 2308K [0x00000000c5400000, 0x00000000c7b00000, 0x00000000ec680000)
  object space 39936K, 5% used [0x00000000c5400000,0x00000000c5641320,0x00000000c7b00000)
 PSPermGen       total 21504K, used 12393K [0x00000000c0200000, 0x00000000c1700000, 0x00000000c5400000)
  object space 21504K, 57% used [0x00000000c0200000,0x00000000c0e1a6e0,0x00000000c1700000)
Event: 2219,910 GC heap after
Heap after GC invocations=879 (full 0):
 PSYoungGen      total 18944K, used 32K [0x00000000ec680000, 0x00000000ee400000, 0x0000000100000000)
  eden space 18432K, 0% used [0x00000000ec680000,0x00000000ec680000,0x00000000ed880000)
  from space 512K, 6% used [0x00000000ee300000,0x00000000ee308000,0x00000000ee380000)
  to   space 512K, 0% used [0x00000000ee380000,0x00000000ee380000,0x00000000ee400000)
 ParOldGen       total 39936K, used 2308K [0x00000000c5400000, 0x00000000c7b00000, 0x00000000ec680000)
  object space 39936K, 5% used [0x00000000c5400000,0x00000000c5641320,0x00000000c7b00000)
 PSPermGen       total 21504K, used 12393K [0x00000000c0200000, 0x00000000c1700000, 0x00000000c5400000)
  object space 21504K, 57% used [0x00000000c0200000,0x00000000c0e1a6e0,0x00000000c1700000)
}
Event: 2221,751 GC heap before
{Heap before GC invocations=880 (full 0):
 PSYoungGen      total 18944K, used 18464K [0x00000000ec680000, 0x00000000ee400000, 0x0000000100000000)
  eden space 18432K, 100% used [0x00000000ec680000,0x00000000ed880000,0x00000000ed880000)
  from space 512K, 6% used [0x00000000ee300000,0x00000000ee308000,0x00000000ee380000)
  to   space 512K, 0% used [0x00000000ee380000,0x00000000ee380000,0x00000000ee400000)
 ParOldGen       total 39936K, used 2308K [0x00000000c5400000, 0x00000000c7b00000, 0x00000000ec680000)
  object space 39936K, 5% used [0x00000000c5400000,0x00000000c5641320,0x00000000c7b00000)
 PSPermGen       total 21504K, used 12393K [0x00000000c0200000, 0x00000000c1700000, 0x00000000c5400000)
  object space 21504K, 57% used [0x00000000c0200000,0x00000000c0e1a6e0,0x00000000c1700000)
Event: 2221,752 GC heap after
Heap after GC invocations=880 (full 0):
 PSYoungGen      total 18944K, used 64K [0x00000000ec680000, 0x00000000ee400000, 0x0000000100000000)
  eden space 18432K, 0% used [0x00000000ec680000,0x00000000ec680000,0x00000000ed880000)
  from space 512K, 12% used [0x00000000ee380000,0x00000000ee390000,0x00000000ee400000)
  to   space 512K, 0% used [0x00000000ee300000,0x00000000ee300000,0x00000000ee380000)
 ParOldGen       total 39936K, used 2308K [0x00000000c5400000, 0x00000000c7b00000, 0x00000000ec680000)
  object space 39936K, 5% used [0x00000000c5400000,0x00000000c5641320,0x00000000c7b00000)
 PSPermGen       total 21504K, used 12393K [0x00000000c0200000, 0x00000000c1700000, 0x00000000c5400000)
  object space 21504K, 57% used [0x00000000c0200000,0x00000000c0e1a6e0,0x00000000c1700000)
}
Event: 2223,316 GC heap before
{Heap before GC invocations=881 (full 0):
 PSYoungGen      total 18944K, used 18496K [0x00000000ec680000, 0x00000000ee400000, 0x0000000100000000)
  eden space 18432K, 100% used [0x00000000ec680000,0x00000000ed880000,0x00000000ed880000)
  from space 512K, 12% used [0x00000000ee380000,0x00000000ee390000,0x00000000ee400000)
  to   space 512K, 0% used [0x00000000ee300000,0x00000000ee300000,0x00000000ee380000)
 ParOldGen       total 39936K, used 2308K [0x00000000c5400000, 0x00000000c7b00000, 0x00000000ec680000)
  object space 39936K, 5% used [0x00000000c5400000,0x00000000c5641320,0x00000000c7b00000)
 PSPermGen       total 21504K, used 12393K [0x00000000c0200000, 0x00000000c1700000, 0x00000000c5400000)
  object space 21504K, 57% used [0x00000000c0200000,0x00000000c0e1a6e0,0x00000000c1700000)
Event: 2223,317 GC heap after
Heap after GC invocations=881 (full 0):
 PSYoungGen      total 18944K, used 64K [0x00000000ec680000, 0x00000000ee400000, 0x0000000100000000)
  eden space 18432K, 0% used [0x00000000ec680000,0x00000000ec680000,0x00000000ed880000)
  from space 512K, 12% used [0x00000000ee300000,0x00000000ee310000,0x00000000ee380000)
  to   space 512K, 0% used [0x00000000ee380000,0x00000000ee380000,0x00000000ee400000)
 ParOldGen       total 39936K, used 2308K [0x00000000c5400000, 0x00000000c7b00000, 0x00000000ec680000)
  object space 39936K, 5% used [0x00000000c5400000,0x00000000c5641320,0x00000000c7b00000)
 PSPermGen       total 21504K, used 12393K [0x00000000c0200000, 0x00000000c1700000, 0x00000000c5400000)
  object space 21504K, 57% used [0x00000000c0200000,0x00000000c0e1a6e0,0x00000000c1700000)
}
Event: 2224,826 GC heap before
{Heap before GC invocations=882 (full 0):
 PSYoungGen      total 18944K, used 18496K [0x00000000ec680000, 0x00000000ee400000, 0x0000000100000000)
  eden space 18432K, 100% used [0x00000000ec680000,0x00000000ed880000,0x00000000ed880000)
  from space 512K, 12% used [0x00000000ee300000,0x00000000ee310000,0x00000000ee380000)
  to   space 512K, 0% used [0x00000000ee380000,0x00000000ee380000,0x00000000ee400000)
 ParOldGen       total 39936K, used 2308K [0x00000000c5400000, 0x00000000c7b00000, 0x00000000ec680000)
  object space 39936K, 5% used [0x00000000c5400000,0x00000000c5641320,0x00000000c7b00000)
 PSPermGen       total 21504K, used 12393K [0x00000000c0200000, 0x00000000c1700000, 0x00000000c5400000)
  object space 21504K, 57% used [0x00000000c0200000,0x00000000c0e1a6e0,0x00000000c1700000)
Event: 2224,828 GC heap after
Heap after GC invocations=882 (full 0):
 PSYoungGen      total 18944K, used 32K [0x00000000ec680000, 0x00000000ee400000, 0x0000000100000000)
  eden space 18432K, 0% used [0x00000000ec680000,0x00000000ec680000,0x00000000ed880000)
  from space 512K, 6% used [0x00000000ee380000,0x00000000ee388000,0x00000000ee400000)
  to   space 512K, 0% used [0x00000000ee300000,0x00000000ee300000,0x00000000ee380000)
 ParOldGen       total 39936K, used 2308K [0x00000000c5400000, 0x00000000c7b00000, 0x00000000ec680000)
  object space 39936K, 5% used [0x00000000c5400000,0x00000000c5641320,0x00000000c7b00000)
 PSPermGen       total 21504K, used 12393K [0x00000000c0200000, 0x00000000c1700000, 0x00000000c5400000)
  object space 21504K, 57% used [0x00000000c0200000,0x00000000c0e1a6e0,0x00000000c1700000)
}

